<?xml version="1.0" encoding="UTF-8"?>
<testsuite name="PhoneBookTest" tests="1" skipped="0" failures="0" errors="0" timestamp="2021-02-09T09:01:55" hostname="aleksandra-kralka-kustras-MacBook-Pro.local" time="21.657">
  <properties/>
  <testcase name="start" classname="PhoneBookTest" time="21.657"/>
  <system-out><![CDATA[?[1;31m
Start test 1?[0m
Start searching (linear search)...
Found 500 / 500 entries. Time taken: 0 min. 1 sec. 738 ms.

Start searching (bubble sort + jump search)...
Found 500 / 500 entries. Time taken: 0 min. 19 sec. 127 ms.
Sorting time: 0 min. 17 sec. 389 ms.
Searching time: 0 min. 1 sec. 738 ms.

Start searching (quick sort + binary search)...
Found 500 / 500 entries. Time taken: 0 min. 1 sec. 4 ms.
Sorting time: 0 min. 0 sec. 0 ms. 
Searching time: 0 min. 1 sec. 4 ms.

Start searching (hash table)...
Found 500 / 500 entries. Time taken: 0 min. 0 sec. 176 ms.
Creating time: 0 min. 0 sec. 176 ms. 
Searching time: 0 min. 0 sec. 0 ms.
]]></system-out>
  <system-err><![CDATA[]]></system-err>
</testsuite>
